2026-04-28 05:14:03 +0000 - dagster - DEBUG - __ASSET_JOB - 91c6f147-a8d9-491e-ac2b-f8d5281fc928 - 34 - LOGS_CAPTURED - Started capturing logs in process (pid: 34).
2026-04-28 05:14:03 +0000 - dagster - DEBUG - __ASSET_JOB - 91c6f147-a8d9-491e-ac2b-f8d5281fc928 - 34 - bronze__pdf__bronze_pdf_pages - STEP_START - Started execution of step "bronze__pdf__bronze_pdf_pages".
2026-04-28 05:14:03 +0000 - dagster - INFO - __ASSET_JOB - 91c6f147-a8d9-491e-ac2b-f8d5281fc928 - bronze__pdf__bronze_pdf_pages - Đang xử lý: Cay_Thuoc_Vi_Thuoc_Phong_Va_Chua_Benh_Tieu_Hoa.pdf
2026-04-28 05:14:05 +0000 - dagster - INFO - __ASSET_JOB - 91c6f147-a8d9-491e-ac2b-f8d5281fc928 - bronze__pdf__bronze_pdf_pages - ✅ Trích xuất 280 trang | doc_id=pdf_98b227f72544

A module that was compiled using NumPy 1.x cannot be run in
NumPy 2.4.4 as it may crash. To support both 1.x and 2.x
versions of NumPy, modules must be compiled with NumPy 2.0.
Some module may need to rebuild instead e.g. with 'pybind11>=2.12'.

If you are a user of the module, the easiest solution will be to
downgrade to 'numpy<2' or try to upgrade the affected module.
We expect that some modules will need time to support NumPy 2.

Traceback (most recent call last):  File "<string>", line 1, in <module>
  File "/usr/local/lib/python3.11/multiprocessing/spawn.py", line 122, in spawn_main
    exitcode = _main(fd, parent_sentinel)
  File "/usr/local/lib/python3.11/multiprocessing/spawn.py", line 135, in _main
    return self._bootstrap(parent_sentinel)
  File "/usr/local/lib/python3.11/multiprocessing/process.py", line 314, in _bootstrap
    self.run()
  File "/usr/local/lib/python3.11/multiprocessing/process.py", line 108, in run
    self._target(*self._args, **self._kwargs)
  File "/usr/local/lib/python3.11/site-packages/dagster/_core/executor/child_process_executor.py", line 79, in _execute_command_in_child_process
    for step_event in command.execute():
  File "/usr/local/lib/python3.11/site-packages/dagster/_core/executor/multiprocess.py", line 100, in execute
    yield from execute_plan_iterator(
  File "/usr/local/lib/python3.11/site-packages/dagster/_core/execution/api.py", line 873, in __iter__
    yield from self.iterator(
  File "/usr/local/lib/python3.11/site-packages/dagster/_core/execution/plan/execute_plan.py", line 89, in inner_plan_execution_iterator
    for step_event in check.generator(dagster_event_sequence_for_step(step_context)):
  File "/usr/local/lib/python3.11/site-packages/dagster/_core/execution/plan/execute_plan.py", line 247, in dagster_event_sequence_for_step
    yield from check.generator(step_events)
  File "/usr/local/lib/python3.11/site-packages/dagster/_core/execution/plan/execute_step.py", line 505, in core_dagster_event_sequence_for_step
    for user_event in _step_output_error_checked_user_event_sequence(
  File "/usr/local/lib/python3.11/site-packages/dagster/_core/execution/plan/execute_step.py", line 184, in _step_output_error_checked_user_event_sequence
    for user_event in user_event_sequence:
  File "/usr/local/lib/python3.11/site-packages/dagster/_core/execution/plan/execute_step.py", line 88, in _process_asset_results_to_events
    for user_event in user_event_sequence:
  File "/usr/local/lib/python3.11/site-packages/dagster/_core/execution/plan/compute.py", line 188, in execute_core_compute
    for step_output in _yield_compute_results(step_context, inputs, compute_fn, compute_context):
  File "/usr/local/lib/python3.11/site-packages/dagster/_core/execution/plan/compute.py", line 157, in _yield_compute_results
    for event in iterate_with_context(
  File "/usr/local/lib/python3.11/site-packages/dagster/_utils/__init__.py", line 394, in iterate_with_context
    next_output = next(iterator)
  File "/usr/local/lib/python3.11/site-packages/dagster/_core/execution/plan/compute_generator.py", line 135, in _coerce_op_compute_fn_to_iterator
    result = invoke_compute_fn(
  File "/usr/local/lib/python3.11/site-packages/dagster/_core/execution/plan/compute_generator.py", line 115, in invoke_compute_fn
    return fn(context, **args_to_pass) if context_arg_provided else fn(**args_to_pass)
  File "/opt/dagster/app/etl_pipeline/assets/bronze.py", line 59, in bronze_pdf_ingestion
    "preview":      MetadataValue.md(df.head(3).to_pandas().to_markdown()),
  File "/usr/local/lib/python3.11/site-packages/polars/dataframe/frame.py", line 2395, in to_pandas
    return self._to_pandas_without_object_columns(
  File "/usr/local/lib/python3.11/site-packages/polars/dataframe/frame.py", line 2446, in _to_pandas_without_object_columns
    record_batches = df._df.to_pandas()
  File "/usr/local/lib/python3.11/site-packages/pyarrow/__init__.py", line 65, in <module>
    import pyarrow.lib as _lib
AttributeError: _ARRAY_API not found
2026-04-28 05:14:05 +0000 - dagster - ERROR - __ASSET_JOB - 91c6f147-a8d9-491e-ac2b-f8d5281fc928 - 34 - bronze__pdf__bronze_pdf_pages - STEP_FAILURE - Execution of step "bronze__pdf__bronze_pdf_pages" failed.

dagster._core.errors.DagsterExecutionStepExecutionError: Error occurred while executing op "bronze__pdf__bronze_pdf_pages"::

ImportError: numpy.core.multiarray failed to import

Stack Trace:
  File "/usr/local/lib/python3.11/site-packages/dagster/_core/execution/plan/utils.py", line 57, in op_execution_error_boundary
    yield
  File "/usr/local/lib/python3.11/site-packages/dagster/_utils/__init__.py", line 394, in iterate_with_context
    next_output = next(iterator)
                  ^^^^^^^^^^^^^^
  File "/usr/local/lib/python3.11/site-packages/dagster/_core/execution/plan/compute_generator.py", line 135, in _coerce_op_compute_fn_to_iterator
    result = invoke_compute_fn(
             ^^^^^^^^^^^^^^^^^^
  File "/usr/local/lib/python3.11/site-packages/dagster/_core/execution/plan/compute_generator.py", line 115, in invoke_compute_fn
    return fn(context, **args_to_pass) if context_arg_provided else fn(**args_to_pass)
           ^^^^^^^^^^^^^^^^^^^^^^^^^^^
  File "/opt/dagster/app/etl_pipeline/assets/bronze.py", line 59, in bronze_pdf_ingestion
    "preview":      MetadataValue.md(df.head(3).to_pandas().to_markdown()),
                                     ^^^^^^^^^^^^^^^^^^^^^^
  File "/usr/local/lib/python3.11/site-packages/polars/dataframe/frame.py", line 2395, in to_pandas
    return self._to_pandas_without_object_columns(
           ^^^^^^^^^^^^^^^^^^^^^^^^^^^^^^^^^^^^^^^
  File "/usr/local/lib/python3.11/site-packages/polars/dataframe/frame.py", line 2446, in _to_pandas_without_object_columns
    record_batches = df._df.to_pandas()
                     ^^^^^^^^^^^^^^^^^^
  File "/usr/local/lib/python3.11/site-packages/pyarrow/__init__.py", line 65, in <module>
    import pyarrow.lib as _lib
  File "pyarrow/lib.pyx", line 36, in init pyarrow.lib

