2026-05-19 05:53:09 +0000 - dagster - DEBUG - __ASSET_JOB - c9e3e292-ccfa-44a9-95c7-11bc1940b4ae - 136 - LOGS_CAPTURED - Started capturing logs in process (pid: 136).
2026-05-19 05:53:09 +0000 - dagster - DEBUG - __ASSET_JOB - c9e3e292-ccfa-44a9-95c7-11bc1940b4ae - 136 - gold__embeddings__gold_embeddings - STEP_START - Started execution of step "gold__embeddings__gold_embeddings".
2026-05-19 05:53:09 +0000 - dagster - INFO - __ASSET_JOB - c9e3e292-ccfa-44a9-95c7-11bc1940b4ae - gold__embeddings__gold_embeddings - [MinIO] ✅ Đã đọc: s3://yhct-gold/gold/chunks/gold_yhct_chunks.parquet (1348 rows)
2026-05-19 05:53:09 +0000 - dagster - DEBUG - __ASSET_JOB - c9e3e292-ccfa-44a9-95c7-11bc1940b4ae - 136 - gold__embeddings__gold_embeddings - LOADED_INPUT - Loaded input "gold_yhct_chunks" using input manager "minio_io_manager", from output "result" of step "gold__chunks__gold_yhct_chunks"
2026-05-19 05:53:09 +0000 - dagster - DEBUG - __ASSET_JOB - c9e3e292-ccfa-44a9-95c7-11bc1940b4ae - 136 - gold__embeddings__gold_embeddings - STEP_INPUT - Got input "gold_yhct_chunks" of type "DataFrame". (Type check passed).
2026-05-19 05:53:09 +0000 - dagster - INFO - __ASSET_JOB - c9e3e292-ccfa-44a9-95c7-11bc1940b4ae - gold__embeddings__gold_embeddings - 📥 Nhận 1348 chunks để embed
2026-05-19 05:53:09 +0000 - dagster - INFO - __ASSET_JOB - c9e3e292-ccfa-44a9-95c7-11bc1940b4ae - gold__embeddings__gold_embeddings - 🤖 Loading model: keepitreal/vietnamese-sbert ...
2026-05-19 05:54:15 +0000 - dagster - INFO - __ASSET_JOB - c9e3e292-ccfa-44a9-95c7-11bc1940b4ae - gold__embeddings__gold_embeddings - ✅ Model loaded!
Failed to send telemetry event ClientStartEvent: capture() takes 1 positional argument but 3 were given
2026-05-19 05:54:16 +0000 - dagster - INFO - __ASSET_JOB - c9e3e292-ccfa-44a9-95c7-11bc1940b4ae - gold__embeddings__gold_embeddings - ✅ Kết nối ChromaDB OK | collection='yhct_chunks'
2026-05-19 05:54:16 +0000 - dagster - INFO - __ASSET_JOB - c9e3e292-ccfa-44a9-95c7-11bc1940b4ae - gold__embeddings__gold_embeddings - 📊 Đã có 1348 chunks trong ChromaDB
2026-05-19 05:54:16 +0000 - dagster - INFO - __ASSET_JOB - c9e3e292-ccfa-44a9-95c7-11bc1940b4ae - gold__embeddings__gold_embeddings - 🔄 Cần embed thêm: 1348 chunks
2026-05-19 05:54:30 +0000 - dagster - INFO - __ASSET_JOB - c9e3e292-ccfa-44a9-95c7-11bc1940b4ae - gold__embeddings__gold_embeddings -    ✓ 32/1348 chunks embedded
2026-05-19 05:54:43 +0000 - dagster - INFO - __ASSET_JOB - c9e3e292-ccfa-44a9-95c7-11bc1940b4ae - gold__embeddings__gold_embeddings -    ✓ 64/1348 chunks embedded
2026-05-19 05:54:57 +0000 - dagster - INFO - __ASSET_JOB - c9e3e292-ccfa-44a9-95c7-11bc1940b4ae - gold__embeddings__gold_embeddings -    ✓ 96/1348 chunks embedded
2026-05-19 05:55:10 +0000 - dagster - INFO - __ASSET_JOB - c9e3e292-ccfa-44a9-95c7-11bc1940b4ae - gold__embeddings__gold_embeddings -    ✓ 128/1348 chunks embedded
2026-05-19 05:55:19 +0000 - dagster - INFO - __ASSET_JOB - c9e3e292-ccfa-44a9-95c7-11bc1940b4ae - gold__embeddings__gold_embeddings -    ✓ 160/1348 chunks embedded
2026-05-19 05:55:28 +0000 - dagster - INFO - __ASSET_JOB - c9e3e292-ccfa-44a9-95c7-11bc1940b4ae - gold__embeddings__gold_embeddings -    ✓ 192/1348 chunks embedded
2026-05-19 05:55:37 +0000 - dagster - INFO - __ASSET_JOB - c9e3e292-ccfa-44a9-95c7-11bc1940b4ae - gold__embeddings__gold_embeddings -    ✓ 224/1348 chunks embedded
2026-05-19 05:55:46 +0000 - dagster - INFO - __ASSET_JOB - c9e3e292-ccfa-44a9-95c7-11bc1940b4ae - gold__embeddings__gold_embeddings -    ✓ 256/1348 chunks embedded
2026-05-19 05:55:56 +0000 - dagster - INFO - __ASSET_JOB - c9e3e292-ccfa-44a9-95c7-11bc1940b4ae - gold__embeddings__gold_embeddings -    ✓ 288/1348 chunks embedded
2026-05-19 05:56:05 +0000 - dagster - INFO - __ASSET_JOB - c9e3e292-ccfa-44a9-95c7-11bc1940b4ae - gold__embeddings__gold_embeddings -    ✓ 320/1348 chunks embedded
2026-05-19 05:56:13 +0000 - dagster - INFO - __ASSET_JOB - c9e3e292-ccfa-44a9-95c7-11bc1940b4ae - gold__embeddings__gold_embeddings -    ✓ 352/1348 chunks embedded
2026-05-19 05:56:22 +0000 - dagster - INFO - __ASSET_JOB - c9e3e292-ccfa-44a9-95c7-11bc1940b4ae - gold__embeddings__gold_embeddings -    ✓ 384/1348 chunks embedded
2026-05-19 05:56:31 +0000 - dagster - INFO - __ASSET_JOB - c9e3e292-ccfa-44a9-95c7-11bc1940b4ae - gold__embeddings__gold_embeddings -    ✓ 416/1348 chunks embedded
2026-05-19 05:56:40 +0000 - dagster - INFO - __ASSET_JOB - c9e3e292-ccfa-44a9-95c7-11bc1940b4ae - gold__embeddings__gold_embeddings -    ✓ 448/1348 chunks embedded
2026-05-19 05:56:49 +0000 - dagster - INFO - __ASSET_JOB - c9e3e292-ccfa-44a9-95c7-11bc1940b4ae - gold__embeddings__gold_embeddings -    ✓ 480/1348 chunks embedded
2026-05-19 05:56:58 +0000 - dagster - INFO - __ASSET_JOB - c9e3e292-ccfa-44a9-95c7-11bc1940b4ae - gold__embeddings__gold_embeddings -    ✓ 512/1348 chunks embedded
2026-05-19 05:57:07 +0000 - dagster - INFO - __ASSET_JOB - c9e3e292-ccfa-44a9-95c7-11bc1940b4ae - gold__embeddings__gold_embeddings -    ✓ 544/1348 chunks embedded
2026-05-19 05:57:16 +0000 - dagster - INFO - __ASSET_JOB - c9e3e292-ccfa-44a9-95c7-11bc1940b4ae - gold__embeddings__gold_embeddings -    ✓ 576/1348 chunks embedded
2026-05-19 05:57:25 +0000 - dagster - INFO - __ASSET_JOB - c9e3e292-ccfa-44a9-95c7-11bc1940b4ae - gold__embeddings__gold_embeddings -    ✓ 608/1348 chunks embedded
2026-05-19 05:57:34 +0000 - dagster - INFO - __ASSET_JOB - c9e3e292-ccfa-44a9-95c7-11bc1940b4ae - gold__embeddings__gold_embeddings -    ✓ 640/1348 chunks embedded
2026-05-19 05:57:44 +0000 - dagster - INFO - __ASSET_JOB - c9e3e292-ccfa-44a9-95c7-11bc1940b4ae - gold__embeddings__gold_embeddings -    ✓ 672/1348 chunks embedded
2026-05-19 05:57:53 +0000 - dagster - INFO - __ASSET_JOB - c9e3e292-ccfa-44a9-95c7-11bc1940b4ae - gold__embeddings__gold_embeddings -    ✓ 704/1348 chunks embedded
2026-05-19 05:58:03 +0000 - dagster - INFO - __ASSET_JOB - c9e3e292-ccfa-44a9-95c7-11bc1940b4ae - gold__embeddings__gold_embeddings -    ✓ 736/1348 chunks embedded
2026-05-19 05:58:12 +0000 - dagster - INFO - __ASSET_JOB - c9e3e292-ccfa-44a9-95c7-11bc1940b4ae - gold__embeddings__gold_embeddings -    ✓ 768/1348 chunks embedded
2026-05-19 05:58:21 +0000 - dagster - INFO - __ASSET_JOB - c9e3e292-ccfa-44a9-95c7-11bc1940b4ae - gold__embeddings__gold_embeddings -    ✓ 800/1348 chunks embedded
2026-05-19 05:58:31 +0000 - dagster - INFO - __ASSET_JOB - c9e3e292-ccfa-44a9-95c7-11bc1940b4ae - gold__embeddings__gold_embeddings -    ✓ 832/1348 chunks embedded
2026-05-19 05:58:41 +0000 - dagster - INFO - __ASSET_JOB - c9e3e292-ccfa-44a9-95c7-11bc1940b4ae - gold__embeddings__gold_embeddings -    ✓ 864/1348 chunks embedded
2026-05-19 05:58:50 +0000 - dagster - INFO - __ASSET_JOB - c9e3e292-ccfa-44a9-95c7-11bc1940b4ae - gold__embeddings__gold_embeddings -    ✓ 896/1348 chunks embedded
2026-05-19 05:59:00 +0000 - dagster - INFO - __ASSET_JOB - c9e3e292-ccfa-44a9-95c7-11bc1940b4ae - gold__embeddings__gold_embeddings -    ✓ 928/1348 chunks embedded
2026-05-19 05:59:09 +0000 - dagster - INFO - __ASSET_JOB - c9e3e292-ccfa-44a9-95c7-11bc1940b4ae - gold__embeddings__gold_embeddings -    ✓ 960/1348 chunks embedded
2026-05-19 05:59:18 +0000 - dagster - INFO - __ASSET_JOB - c9e3e292-ccfa-44a9-95c7-11bc1940b4ae - gold__embeddings__gold_embeddings -    ✓ 992/1348 chunks embedded
2026-05-19 05:59:28 +0000 - dagster - INFO - __ASSET_JOB - c9e3e292-ccfa-44a9-95c7-11bc1940b4ae - gold__embeddings__gold_embeddings -    ✓ 1024/1348 chunks embedded
2026-05-19 05:59:37 +0000 - dagster - INFO - __ASSET_JOB - c9e3e292-ccfa-44a9-95c7-11bc1940b4ae - gold__embeddings__gold_embeddings -    ✓ 1056/1348 chunks embedded
2026-05-19 05:59:46 +0000 - dagster - INFO - __ASSET_JOB - c9e3e292-ccfa-44a9-95c7-11bc1940b4ae - gold__embeddings__gold_embeddings -    ✓ 1088/1348 chunks embedded
2026-05-19 05:59:56 +0000 - dagster - INFO - __ASSET_JOB - c9e3e292-ccfa-44a9-95c7-11bc1940b4ae - gold__embeddings__gold_embeddings -    ✓ 1120/1348 chunks embedded
2026-05-19 06:00:06 +0000 - dagster - INFO - __ASSET_JOB - c9e3e292-ccfa-44a9-95c7-11bc1940b4ae - gold__embeddings__gold_embeddings -    ✓ 1152/1348 chunks embedded
2026-05-19 06:00:15 +0000 - dagster - INFO - __ASSET_JOB - c9e3e292-ccfa-44a9-95c7-11bc1940b4ae - gold__embeddings__gold_embeddings -    ✓ 1184/1348 chunks embedded
2026-05-19 06:00:25 +0000 - dagster - INFO - __ASSET_JOB - c9e3e292-ccfa-44a9-95c7-11bc1940b4ae - gold__embeddings__gold_embeddings -    ✓ 1216/1348 chunks embedded
2026-05-19 06:00:34 +0000 - dagster - INFO - __ASSET_JOB - c9e3e292-ccfa-44a9-95c7-11bc1940b4ae - gold__embeddings__gold_embeddings -    ✓ 1248/1348 chunks embedded
2026-05-19 06:00:44 +0000 - dagster - INFO - __ASSET_JOB - c9e3e292-ccfa-44a9-95c7-11bc1940b4ae - gold__embeddings__gold_embeddings -    ✓ 1280/1348 chunks embedded
2026-05-19 06:00:53 +0000 - dagster - INFO - __ASSET_JOB - c9e3e292-ccfa-44a9-95c7-11bc1940b4ae - gold__embeddings__gold_embeddings -    ✓ 1312/1348 chunks embedded
2026-05-19 06:01:03 +0000 - dagster - INFO - __ASSET_JOB - c9e3e292-ccfa-44a9-95c7-11bc1940b4ae - gold__embeddings__gold_embeddings -    ✓ 1344/1348 chunks embedded
2026-05-19 06:01:04 +0000 - dagster - INFO - __ASSET_JOB - c9e3e292-ccfa-44a9-95c7-11bc1940b4ae - gold__embeddings__gold_embeddings -    ✓ 1348/1348 chunks embedded
2026-05-19 06:01:04 +0000 - dagster - INFO - __ASSET_JOB - c9e3e292-ccfa-44a9-95c7-11bc1940b4ae - gold__embeddings__gold_embeddings - ✅ Hoàn thành! Tổng ChromaDB: 2696 vectors
2026-05-19 06:01:04 +0000 - dagster - DEBUG - __ASSET_JOB - c9e3e292-ccfa-44a9-95c7-11bc1940b4ae - 136 - gold__embeddings__gold_embeddings - STEP_OUTPUT - Yielded output "result" of type "Any". (Type check passed).
2026-05-19 06:01:05 +0000 - dagster - DEBUG - __ASSET_JOB - c9e3e292-ccfa-44a9-95c7-11bc1940b4ae - gold__embeddings__gold_embeddings - Writing file at: /opt/dagster/dagster_home/local_artifact_storage/storage/gold/embeddings/gold_embeddings using PickledObjectFilesystemIOManager...
2026-05-19 06:01:05 +0000 - dagster - DEBUG - __ASSET_JOB - c9e3e292-ccfa-44a9-95c7-11bc1940b4ae - 136 - gold__embeddings__gold_embeddings - ASSET_MATERIALIZATION - Materialized value gold embeddings gold_embeddings.
2026-05-19 06:01:05 +0000 - dagster - DEBUG - __ASSET_JOB - c9e3e292-ccfa-44a9-95c7-11bc1940b4ae - 136 - gold__embeddings__gold_embeddings - HANDLED_OUTPUT - Handled output "result" using IO manager "io_manager"
2026-05-19 06:01:05 +0000 - dagster - DEBUG - __ASSET_JOB - c9e3e292-ccfa-44a9-95c7-11bc1940b4ae - 136 - gold__embeddings__gold_embeddings - STEP_SUCCESS - Finished execution of step "gold__embeddings__gold_embeddings" in 7m56s.
