2026-05-19 08:08:50 +0000 - dagster - DEBUG - __ASSET_JOB - 85e6861b-d432-4f15-9749-45b37432d307 - 243 - LOGS_CAPTURED - Started capturing logs in process (pid: 243).
2026-05-19 08:08:50 +0000 - dagster - DEBUG - __ASSET_JOB - 85e6861b-d432-4f15-9749-45b37432d307 - 243 - gold__embeddings__gold_embeddings - STEP_START - Started execution of step "gold__embeddings__gold_embeddings".
2026-05-19 08:08:50 +0000 - dagster - INFO - __ASSET_JOB - 85e6861b-d432-4f15-9749-45b37432d307 - gold__embeddings__gold_embeddings - [MinIO] ✅ Đã đọc: s3://yhct-gold/gold/chunks/gold_yhct_chunks.parquet (1348 rows)
2026-05-19 08:08:50 +0000 - dagster - DEBUG - __ASSET_JOB - 85e6861b-d432-4f15-9749-45b37432d307 - 243 - gold__embeddings__gold_embeddings - LOADED_INPUT - Loaded input "gold_yhct_chunks" using input manager "minio_io_manager", from output "result" of step "gold__chunks__gold_yhct_chunks"
2026-05-19 08:08:50 +0000 - dagster - DEBUG - __ASSET_JOB - 85e6861b-d432-4f15-9749-45b37432d307 - 243 - gold__embeddings__gold_embeddings - STEP_INPUT - Got input "gold_yhct_chunks" of type "DataFrame". (Type check passed).
2026-05-19 08:08:50 +0000 - dagster - INFO - __ASSET_JOB - 85e6861b-d432-4f15-9749-45b37432d307 - gold__embeddings__gold_embeddings - 📥 Nhận 1348 chunks để embed
2026-05-19 08:08:50 +0000 - dagster - INFO - __ASSET_JOB - 85e6861b-d432-4f15-9749-45b37432d307 - gold__embeddings__gold_embeddings - 🤖 Loading model: keepitreal/vietnamese-sbert ...
2026-05-19 08:09:50 +0000 - dagster - INFO - __ASSET_JOB - 85e6861b-d432-4f15-9749-45b37432d307 - gold__embeddings__gold_embeddings - ✅ Model loaded!
Failed to send telemetry event ClientStartEvent: capture() takes 1 positional argument but 3 were given
2026-05-19 08:09:50 +0000 - dagster - INFO - __ASSET_JOB - 85e6861b-d432-4f15-9749-45b37432d307 - gold__embeddings__gold_embeddings - ✅ Kết nối ChromaDB OK | collection='yhct_chunks'
2026-05-19 08:09:51 +0000 - dagster - INFO - __ASSET_JOB - 85e6861b-d432-4f15-9749-45b37432d307 - gold__embeddings__gold_embeddings - 📊 Đã có 5392 chunks trong ChromaDB
2026-05-19 08:09:51 +0000 - dagster - INFO - __ASSET_JOB - 85e6861b-d432-4f15-9749-45b37432d307 - gold__embeddings__gold_embeddings - 🔄 Cần embed thêm: 1348 chunks
2026-05-19 08:10:09 +0000 - dagster - INFO - __ASSET_JOB - 85e6861b-d432-4f15-9749-45b37432d307 - gold__embeddings__gold_embeddings -    ✓ 32/1348 chunks embedded
2026-05-19 08:10:25 +0000 - dagster - INFO - __ASSET_JOB - 85e6861b-d432-4f15-9749-45b37432d307 - gold__embeddings__gold_embeddings -    ✓ 64/1348 chunks embedded
2026-05-19 08:10:40 +0000 - dagster - INFO - __ASSET_JOB - 85e6861b-d432-4f15-9749-45b37432d307 - gold__embeddings__gold_embeddings -    ✓ 96/1348 chunks embedded
2026-05-19 08:10:50 +0000 - dagster - INFO - __ASSET_JOB - 85e6861b-d432-4f15-9749-45b37432d307 - gold__embeddings__gold_embeddings -    ✓ 128/1348 chunks embedded
2026-05-19 08:11:00 +0000 - dagster - INFO - __ASSET_JOB - 85e6861b-d432-4f15-9749-45b37432d307 - gold__embeddings__gold_embeddings -    ✓ 160/1348 chunks embedded
2026-05-19 08:11:10 +0000 - dagster - INFO - __ASSET_JOB - 85e6861b-d432-4f15-9749-45b37432d307 - gold__embeddings__gold_embeddings -    ✓ 192/1348 chunks embedded
2026-05-19 08:11:20 +0000 - dagster - INFO - __ASSET_JOB - 85e6861b-d432-4f15-9749-45b37432d307 - gold__embeddings__gold_embeddings -    ✓ 224/1348 chunks embedded
2026-05-19 08:11:29 +0000 - dagster - INFO - __ASSET_JOB - 85e6861b-d432-4f15-9749-45b37432d307 - gold__embeddings__gold_embeddings -    ✓ 256/1348 chunks embedded
2026-05-19 08:11:39 +0000 - dagster - INFO - __ASSET_JOB - 85e6861b-d432-4f15-9749-45b37432d307 - gold__embeddings__gold_embeddings -    ✓ 288/1348 chunks embedded
2026-05-19 08:11:49 +0000 - dagster - INFO - __ASSET_JOB - 85e6861b-d432-4f15-9749-45b37432d307 - gold__embeddings__gold_embeddings -    ✓ 320/1348 chunks embedded
2026-05-19 08:11:58 +0000 - dagster - INFO - __ASSET_JOB - 85e6861b-d432-4f15-9749-45b37432d307 - gold__embeddings__gold_embeddings -    ✓ 352/1348 chunks embedded
2026-05-19 08:12:08 +0000 - dagster - INFO - __ASSET_JOB - 85e6861b-d432-4f15-9749-45b37432d307 - gold__embeddings__gold_embeddings -    ✓ 384/1348 chunks embedded
2026-05-19 08:12:17 +0000 - dagster - INFO - __ASSET_JOB - 85e6861b-d432-4f15-9749-45b37432d307 - gold__embeddings__gold_embeddings -    ✓ 416/1348 chunks embedded
2026-05-19 08:12:27 +0000 - dagster - INFO - __ASSET_JOB - 85e6861b-d432-4f15-9749-45b37432d307 - gold__embeddings__gold_embeddings -    ✓ 448/1348 chunks embedded
2026-05-19 08:12:36 +0000 - dagster - INFO - __ASSET_JOB - 85e6861b-d432-4f15-9749-45b37432d307 - gold__embeddings__gold_embeddings -    ✓ 480/1348 chunks embedded
2026-05-19 08:12:45 +0000 - dagster - INFO - __ASSET_JOB - 85e6861b-d432-4f15-9749-45b37432d307 - gold__embeddings__gold_embeddings -    ✓ 512/1348 chunks embedded
2026-05-19 08:12:55 +0000 - dagster - INFO - __ASSET_JOB - 85e6861b-d432-4f15-9749-45b37432d307 - gold__embeddings__gold_embeddings -    ✓ 544/1348 chunks embedded
2026-05-19 08:13:04 +0000 - dagster - INFO - __ASSET_JOB - 85e6861b-d432-4f15-9749-45b37432d307 - gold__embeddings__gold_embeddings -    ✓ 576/1348 chunks embedded
2026-05-19 08:13:14 +0000 - dagster - INFO - __ASSET_JOB - 85e6861b-d432-4f15-9749-45b37432d307 - gold__embeddings__gold_embeddings -    ✓ 608/1348 chunks embedded
2026-05-19 08:13:23 +0000 - dagster - INFO - __ASSET_JOB - 85e6861b-d432-4f15-9749-45b37432d307 - gold__embeddings__gold_embeddings -    ✓ 640/1348 chunks embedded
2026-05-19 08:13:33 +0000 - dagster - INFO - __ASSET_JOB - 85e6861b-d432-4f15-9749-45b37432d307 - gold__embeddings__gold_embeddings -    ✓ 672/1348 chunks embedded
2026-05-19 08:13:42 +0000 - dagster - INFO - __ASSET_JOB - 85e6861b-d432-4f15-9749-45b37432d307 - gold__embeddings__gold_embeddings -    ✓ 704/1348 chunks embedded
2026-05-19 08:13:52 +0000 - dagster - INFO - __ASSET_JOB - 85e6861b-d432-4f15-9749-45b37432d307 - gold__embeddings__gold_embeddings -    ✓ 736/1348 chunks embedded
2026-05-19 08:14:01 +0000 - dagster - INFO - __ASSET_JOB - 85e6861b-d432-4f15-9749-45b37432d307 - gold__embeddings__gold_embeddings -    ✓ 768/1348 chunks embedded
2026-05-19 08:14:10 +0000 - dagster - INFO - __ASSET_JOB - 85e6861b-d432-4f15-9749-45b37432d307 - gold__embeddings__gold_embeddings -    ✓ 800/1348 chunks embedded
2026-05-19 08:14:20 +0000 - dagster - INFO - __ASSET_JOB - 85e6861b-d432-4f15-9749-45b37432d307 - gold__embeddings__gold_embeddings -    ✓ 832/1348 chunks embedded
2026-05-19 08:14:29 +0000 - dagster - INFO - __ASSET_JOB - 85e6861b-d432-4f15-9749-45b37432d307 - gold__embeddings__gold_embeddings -    ✓ 864/1348 chunks embedded
2026-05-19 08:14:39 +0000 - dagster - INFO - __ASSET_JOB - 85e6861b-d432-4f15-9749-45b37432d307 - gold__embeddings__gold_embeddings -    ✓ 896/1348 chunks embedded
2026-05-19 08:14:48 +0000 - dagster - INFO - __ASSET_JOB - 85e6861b-d432-4f15-9749-45b37432d307 - gold__embeddings__gold_embeddings -    ✓ 928/1348 chunks embedded
2026-05-19 08:14:58 +0000 - dagster - INFO - __ASSET_JOB - 85e6861b-d432-4f15-9749-45b37432d307 - gold__embeddings__gold_embeddings -    ✓ 960/1348 chunks embedded
2026-05-19 08:15:07 +0000 - dagster - INFO - __ASSET_JOB - 85e6861b-d432-4f15-9749-45b37432d307 - gold__embeddings__gold_embeddings -    ✓ 992/1348 chunks embedded
2026-05-19 08:15:18 +0000 - dagster - INFO - __ASSET_JOB - 85e6861b-d432-4f15-9749-45b37432d307 - gold__embeddings__gold_embeddings -    ✓ 1024/1348 chunks embedded
2026-05-19 08:15:27 +0000 - dagster - INFO - __ASSET_JOB - 85e6861b-d432-4f15-9749-45b37432d307 - gold__embeddings__gold_embeddings -    ✓ 1056/1348 chunks embedded
2026-05-19 08:15:37 +0000 - dagster - INFO - __ASSET_JOB - 85e6861b-d432-4f15-9749-45b37432d307 - gold__embeddings__gold_embeddings -    ✓ 1088/1348 chunks embedded
2026-05-19 08:15:47 +0000 - dagster - INFO - __ASSET_JOB - 85e6861b-d432-4f15-9749-45b37432d307 - gold__embeddings__gold_embeddings -    ✓ 1120/1348 chunks embedded
2026-05-19 08:15:57 +0000 - dagster - INFO - __ASSET_JOB - 85e6861b-d432-4f15-9749-45b37432d307 - gold__embeddings__gold_embeddings -    ✓ 1152/1348 chunks embedded
2026-05-19 08:16:06 +0000 - dagster - INFO - __ASSET_JOB - 85e6861b-d432-4f15-9749-45b37432d307 - gold__embeddings__gold_embeddings -    ✓ 1184/1348 chunks embedded
2026-05-19 08:16:15 +0000 - dagster - INFO - __ASSET_JOB - 85e6861b-d432-4f15-9749-45b37432d307 - gold__embeddings__gold_embeddings -    ✓ 1216/1348 chunks embedded
2026-05-19 08:16:25 +0000 - dagster - INFO - __ASSET_JOB - 85e6861b-d432-4f15-9749-45b37432d307 - gold__embeddings__gold_embeddings -    ✓ 1248/1348 chunks embedded
2026-05-19 08:16:34 +0000 - dagster - INFO - __ASSET_JOB - 85e6861b-d432-4f15-9749-45b37432d307 - gold__embeddings__gold_embeddings -    ✓ 1280/1348 chunks embedded
2026-05-19 08:16:43 +0000 - dagster - INFO - __ASSET_JOB - 85e6861b-d432-4f15-9749-45b37432d307 - gold__embeddings__gold_embeddings -    ✓ 1312/1348 chunks embedded
2026-05-19 08:16:53 +0000 - dagster - INFO - __ASSET_JOB - 85e6861b-d432-4f15-9749-45b37432d307 - gold__embeddings__gold_embeddings -    ✓ 1344/1348 chunks embedded
2026-05-19 08:16:54 +0000 - dagster - INFO - __ASSET_JOB - 85e6861b-d432-4f15-9749-45b37432d307 - gold__embeddings__gold_embeddings -    ✓ 1348/1348 chunks embedded
2026-05-19 08:16:54 +0000 - dagster - INFO - __ASSET_JOB - 85e6861b-d432-4f15-9749-45b37432d307 - gold__embeddings__gold_embeddings - ✅ Hoàn thành! Tổng ChromaDB: 6740 vectors
2026-05-19 08:16:54 +0000 - dagster - DEBUG - __ASSET_JOB - 85e6861b-d432-4f15-9749-45b37432d307 - 243 - gold__embeddings__gold_embeddings - STEP_OUTPUT - Yielded output "result" of type "Any". (Type check passed).
2026-05-19 08:16:54 +0000 - dagster - DEBUG - __ASSET_JOB - 85e6861b-d432-4f15-9749-45b37432d307 - gold__embeddings__gold_embeddings - Writing file at: /opt/dagster/dagster_home/local_artifact_storage/storage/gold/embeddings/gold_embeddings using PickledObjectFilesystemIOManager...
2026-05-19 08:16:54 +0000 - dagster - DEBUG - __ASSET_JOB - 85e6861b-d432-4f15-9749-45b37432d307 - 243 - gold__embeddings__gold_embeddings - ASSET_MATERIALIZATION - Materialized value gold embeddings gold_embeddings.
2026-05-19 08:16:54 +0000 - dagster - DEBUG - __ASSET_JOB - 85e6861b-d432-4f15-9749-45b37432d307 - 243 - gold__embeddings__gold_embeddings - HANDLED_OUTPUT - Handled output "result" using IO manager "io_manager"
2026-05-19 08:16:54 +0000 - dagster - DEBUG - __ASSET_JOB - 85e6861b-d432-4f15-9749-45b37432d307 - 243 - gold__embeddings__gold_embeddings - STEP_SUCCESS - Finished execution of step "gold__embeddings__gold_embeddings" in 8m4s.
