2026-05-20 16:52:45 +0000 - dagster - DEBUG - __ASSET_JOB - 891a5d06-6557-4129-b526-ddd991d390d6 - 62 - LOGS_CAPTURED - Started capturing logs in process (pid: 62).
2026-05-20 16:52:45 +0000 - dagster - DEBUG - __ASSET_JOB - 891a5d06-6557-4129-b526-ddd991d390d6 - 62 - bronze__pdf__bronze_pdf_pages - STEP_START - Started execution of step "bronze__pdf__bronze_pdf_pages".
2026-05-20 16:52:45 +0000 - dagster - INFO - __ASSET_JOB - 891a5d06-6557-4129-b526-ddd991d390d6 - bronze__pdf__bronze_pdf_pages - 📂 Tìm thấy 4 file PDF:
2026-05-20 16:52:45 +0000 - dagster - INFO - __ASSET_JOB - 891a5d06-6557-4129-b526-ddd991d390d6 - bronze__pdf__bronze_pdf_pages -    └─ 250-bai-thuoc-dong-y-co-truyen-chon-loc.pdf
2026-05-20 16:52:45 +0000 - dagster - INFO - __ASSET_JOB - 891a5d06-6557-4129-b526-ddd991d390d6 - bronze__pdf__bronze_pdf_pages -    └─ 8_ BHYHCT.pdf
2026-05-20 16:52:45 +0000 - dagster - INFO - __ASSET_JOB - 891a5d06-6557-4129-b526-ddd991d390d6 - bronze__pdf__bronze_pdf_pages -    └─ Cay_Thuoc_Vi_Thuoc_Phong_Va_Chua_Benh_Tieu_Hoa.pdf
2026-05-20 16:52:45 +0000 - dagster - INFO - __ASSET_JOB - 891a5d06-6557-4129-b526-ddd991d390d6 - bronze__pdf__bronze_pdf_pages -    └─ item_0_PDDT YHCT PHCN. 01.pdf
2026-05-20 16:52:45 +0000 - dagster - INFO - __ASSET_JOB - 891a5d06-6557-4129-b526-ddd991d390d6 - bronze__pdf__bronze_pdf_pages - 📖 Đang xử lý: 250-bai-thuoc-dong-y-co-truyen-chon-loc.pdf ...
2026-05-20 16:52:47 +0000 - dagster - INFO - __ASSET_JOB - 891a5d06-6557-4129-b526-ddd991d390d6 - bronze__pdf__bronze_pdf_pages -    ✅ 250-bai-thuoc-dong-y-co-truyen-chon-loc.pdf: 877 trang | doc_id=pdf_bd45ba1fba99
2026-05-20 16:52:47 +0000 - dagster - INFO - __ASSET_JOB - 891a5d06-6557-4129-b526-ddd991d390d6 - bronze__pdf__bronze_pdf_pages - 📖 Đang xử lý: 8_ BHYHCT.pdf ...
2026-05-20 16:52:47 +0000 - dagster - INFO - __ASSET_JOB - 891a5d06-6557-4129-b526-ddd991d390d6 - bronze__pdf__bronze_pdf_pages -    ✅ 8_ BHYHCT.pdf: 101 trang | doc_id=pdf_13e97aba83f1
2026-05-20 16:52:47 +0000 - dagster - INFO - __ASSET_JOB - 891a5d06-6557-4129-b526-ddd991d390d6 - bronze__pdf__bronze_pdf_pages - 📖 Đang xử lý: Cay_Thuoc_Vi_Thuoc_Phong_Va_Chua_Benh_Tieu_Hoa.pdf ...
2026-05-20 16:52:48 +0000 - dagster - INFO - __ASSET_JOB - 891a5d06-6557-4129-b526-ddd991d390d6 - bronze__pdf__bronze_pdf_pages -    ✅ Cay_Thuoc_Vi_Thuoc_Phong_Va_Chua_Benh_Tieu_Hoa.pdf: 280 trang | doc_id=pdf_2c6e628f762e
2026-05-20 16:52:48 +0000 - dagster - INFO - __ASSET_JOB - 891a5d06-6557-4129-b526-ddd991d390d6 - bronze__pdf__bronze_pdf_pages - 📖 Đang xử lý: item_0_PDDT YHCT PHCN. 01.pdf ...
2026-05-20 16:52:50 +0000 - dagster - INFO - __ASSET_JOB - 891a5d06-6557-4129-b526-ddd991d390d6 - bronze__pdf__bronze_pdf_pages -    ✅ item_0_PDDT YHCT PHCN. 01.pdf: 115 trang | doc_id=pdf_819711811738
2026-05-20 16:52:50 +0000 - dagster - INFO - __ASSET_JOB - 891a5d06-6557-4129-b526-ddd991d390d6 - bronze__pdf__bronze_pdf_pages - 
==================================================
2026-05-20 16:52:50 +0000 - dagster - INFO - __ASSET_JOB - 891a5d06-6557-4129-b526-ddd991d390d6 - bronze__pdf__bronze_pdf_pages - ✅ TỔNG KẾT BRONZE:
2026-05-20 16:52:50 +0000 - dagster - INFO - __ASSET_JOB - 891a5d06-6557-4129-b526-ddd991d390d6 - bronze__pdf__bronze_pdf_pages -    Số file PDF: 4
2026-05-20 16:52:50 +0000 - dagster - INFO - __ASSET_JOB - 891a5d06-6557-4129-b526-ddd991d390d6 - bronze__pdf__bronze_pdf_pages -    Tổng trang:  1373
2026-05-20 16:52:50 +0000 - dagster - INFO - __ASSET_JOB - 891a5d06-6557-4129-b526-ddd991d390d6 - bronze__pdf__bronze_pdf_pages -    Tổng từ:     223,613
2026-05-20 16:52:50 +0000 - dagster - DEBUG - __ASSET_JOB - 891a5d06-6557-4129-b526-ddd991d390d6 - 62 - bronze__pdf__bronze_pdf_pages - STEP_OUTPUT - Yielded output "result" of type "Any". (Type check passed).
2026-05-20 16:52:50 +0000 - dagster - INFO - __ASSET_JOB - 891a5d06-6557-4129-b526-ddd991d390d6 - bronze__pdf__bronze_pdf_pages - [MinIO] ✅ Đã lưu: s3://yhct-bronze/bronze/pdf/bronze_pdf_pages.parquet (1373 rows)
2026-05-20 16:52:50 +0000 - dagster - DEBUG - __ASSET_JOB - 891a5d06-6557-4129-b526-ddd991d390d6 - 62 - bronze__pdf__bronze_pdf_pages - ASSET_MATERIALIZATION - Materialized value bronze pdf bronze_pdf_pages.
2026-05-20 16:52:50 +0000 - dagster - DEBUG - __ASSET_JOB - 891a5d06-6557-4129-b526-ddd991d390d6 - 62 - bronze__pdf__bronze_pdf_pages - HANDLED_OUTPUT - Handled output "result" using IO manager "minio_io_manager"
2026-05-20 16:52:50 +0000 - dagster - DEBUG - __ASSET_JOB - 891a5d06-6557-4129-b526-ddd991d390d6 - 62 - bronze__pdf__bronze_pdf_pages - STEP_SUCCESS - Finished execution of step "bronze__pdf__bronze_pdf_pages" in 5.28s.
