2026-05-19 06:08:39 +0000 - dagster - DEBUG - __ASSET_JOB - e94c1479-343e-4acf-86c3-0da27beade4b - 446 - LOGS_CAPTURED - Started capturing logs in process (pid: 446).
2026-05-19 06:08:39 +0000 - dagster - DEBUG - __ASSET_JOB - e94c1479-343e-4acf-86c3-0da27beade4b - 446 - bronze__pdf__bronze_pdf_pages - STEP_START - Started execution of step "bronze__pdf__bronze_pdf_pages".
2026-05-19 06:08:39 +0000 - dagster - INFO - __ASSET_JOB - e94c1479-343e-4acf-86c3-0da27beade4b - bronze__pdf__bronze_pdf_pages - 📂 Tìm thấy 4 file PDF:
2026-05-19 06:08:39 +0000 - dagster - INFO - __ASSET_JOB - e94c1479-343e-4acf-86c3-0da27beade4b - bronze__pdf__bronze_pdf_pages -    └─ 250-bai-thuoc-dong-y-co-truyen-chon-loc.pdf
2026-05-19 06:08:39 +0000 - dagster - INFO - __ASSET_JOB - e94c1479-343e-4acf-86c3-0da27beade4b - bronze__pdf__bronze_pdf_pages -    └─ 8_ BHYHCT.pdf
2026-05-19 06:08:39 +0000 - dagster - INFO - __ASSET_JOB - e94c1479-343e-4acf-86c3-0da27beade4b - bronze__pdf__bronze_pdf_pages -    └─ Cay_Thuoc_Vi_Thuoc_Phong_Va_Chua_Benh_Tieu_Hoa.pdf
2026-05-19 06:08:39 +0000 - dagster - INFO - __ASSET_JOB - e94c1479-343e-4acf-86c3-0da27beade4b - bronze__pdf__bronze_pdf_pages -    └─ item_0_PDDT YHCT PHCN. 01.pdf
2026-05-19 06:08:39 +0000 - dagster - INFO - __ASSET_JOB - e94c1479-343e-4acf-86c3-0da27beade4b - bronze__pdf__bronze_pdf_pages - 📖 Đang xử lý: 250-bai-thuoc-dong-y-co-truyen-chon-loc.pdf ...
2026-05-19 06:08:43 +0000 - dagster - INFO - __ASSET_JOB - e94c1479-343e-4acf-86c3-0da27beade4b - bronze__pdf__bronze_pdf_pages -    ✅ 250-bai-thuoc-dong-y-co-truyen-chon-loc.pdf: 877 trang | doc_id=pdf_79e11dcff427
2026-05-19 06:08:43 +0000 - dagster - INFO - __ASSET_JOB - e94c1479-343e-4acf-86c3-0da27beade4b - bronze__pdf__bronze_pdf_pages - 📖 Đang xử lý: 8_ BHYHCT.pdf ...
2026-05-19 06:08:44 +0000 - dagster - INFO - __ASSET_JOB - e94c1479-343e-4acf-86c3-0da27beade4b - bronze__pdf__bronze_pdf_pages -    ✅ 8_ BHYHCT.pdf: 101 trang | doc_id=pdf_502a3abc678d
2026-05-19 06:08:44 +0000 - dagster - INFO - __ASSET_JOB - e94c1479-343e-4acf-86c3-0da27beade4b - bronze__pdf__bronze_pdf_pages - 📖 Đang xử lý: Cay_Thuoc_Vi_Thuoc_Phong_Va_Chua_Benh_Tieu_Hoa.pdf ...
2026-05-19 06:08:46 +0000 - dagster - INFO - __ASSET_JOB - e94c1479-343e-4acf-86c3-0da27beade4b - bronze__pdf__bronze_pdf_pages -    ✅ Cay_Thuoc_Vi_Thuoc_Phong_Va_Chua_Benh_Tieu_Hoa.pdf: 280 trang | doc_id=pdf_f77e4c29d7b8
2026-05-19 06:08:46 +0000 - dagster - INFO - __ASSET_JOB - e94c1479-343e-4acf-86c3-0da27beade4b - bronze__pdf__bronze_pdf_pages - 📖 Đang xử lý: item_0_PDDT YHCT PHCN. 01.pdf ...
2026-05-19 06:08:48 +0000 - dagster - INFO - __ASSET_JOB - e94c1479-343e-4acf-86c3-0da27beade4b - bronze__pdf__bronze_pdf_pages -    ✅ item_0_PDDT YHCT PHCN. 01.pdf: 115 trang | doc_id=pdf_d3a03e3ce52d
2026-05-19 06:08:48 +0000 - dagster - INFO - __ASSET_JOB - e94c1479-343e-4acf-86c3-0da27beade4b - bronze__pdf__bronze_pdf_pages - 
==================================================
2026-05-19 06:08:48 +0000 - dagster - INFO - __ASSET_JOB - e94c1479-343e-4acf-86c3-0da27beade4b - bronze__pdf__bronze_pdf_pages - ✅ TỔNG KẾT BRONZE:
2026-05-19 06:08:48 +0000 - dagster - INFO - __ASSET_JOB - e94c1479-343e-4acf-86c3-0da27beade4b - bronze__pdf__bronze_pdf_pages -    Số file PDF: 4
2026-05-19 06:08:48 +0000 - dagster - INFO - __ASSET_JOB - e94c1479-343e-4acf-86c3-0da27beade4b - bronze__pdf__bronze_pdf_pages -    Tổng trang:  1373
2026-05-19 06:08:48 +0000 - dagster - INFO - __ASSET_JOB - e94c1479-343e-4acf-86c3-0da27beade4b - bronze__pdf__bronze_pdf_pages -    Tổng từ:     223,613
2026-05-19 06:08:48 +0000 - dagster - DEBUG - __ASSET_JOB - e94c1479-343e-4acf-86c3-0da27beade4b - 446 - bronze__pdf__bronze_pdf_pages - STEP_OUTPUT - Yielded output "result" of type "Any". (Type check passed).
2026-05-19 06:08:48 +0000 - dagster - INFO - __ASSET_JOB - e94c1479-343e-4acf-86c3-0da27beade4b - bronze__pdf__bronze_pdf_pages - [MinIO] ✅ Đã lưu: s3://yhct-bronze/bronze/pdf/bronze_pdf_pages.parquet (1373 rows)
2026-05-19 06:08:48 +0000 - dagster - DEBUG - __ASSET_JOB - e94c1479-343e-4acf-86c3-0da27beade4b - 446 - bronze__pdf__bronze_pdf_pages - ASSET_MATERIALIZATION - Materialized value bronze pdf bronze_pdf_pages.
2026-05-19 06:08:48 +0000 - dagster - DEBUG - __ASSET_JOB - e94c1479-343e-4acf-86c3-0da27beade4b - 446 - bronze__pdf__bronze_pdf_pages - HANDLED_OUTPUT - Handled output "result" using IO manager "minio_io_manager"
2026-05-19 06:08:48 +0000 - dagster - DEBUG - __ASSET_JOB - e94c1479-343e-4acf-86c3-0da27beade4b - 446 - bronze__pdf__bronze_pdf_pages - STEP_SUCCESS - Finished execution of step "bronze__pdf__bronze_pdf_pages" in 8.85s.
