2026-05-19 06:09:55 +0000 - dagster - DEBUG - __ASSET_JOB - e94c1479-343e-4acf-86c3-0da27beade4b - 626 - LOGS_CAPTURED - Started capturing logs in process (pid: 626).
2026-05-19 06:09:55 +0000 - dagster - DEBUG - __ASSET_JOB - e94c1479-343e-4acf-86c3-0da27beade4b - 626 - gold__embeddings__gold_embeddings - STEP_START - Started execution of step "gold__embeddings__gold_embeddings".
2026-05-19 06:09:56 +0000 - dagster - INFO - __ASSET_JOB - e94c1479-343e-4acf-86c3-0da27beade4b - gold__embeddings__gold_embeddings - [MinIO] ✅ Đã đọc: s3://yhct-gold/gold/chunks/gold_yhct_chunks.parquet (1348 rows)
2026-05-19 06:09:56 +0000 - dagster - DEBUG - __ASSET_JOB - e94c1479-343e-4acf-86c3-0da27beade4b - 626 - gold__embeddings__gold_embeddings - LOADED_INPUT - Loaded input "gold_yhct_chunks" using input manager "minio_io_manager", from output "result" of step "gold__chunks__gold_yhct_chunks"
2026-05-19 06:09:56 +0000 - dagster - DEBUG - __ASSET_JOB - e94c1479-343e-4acf-86c3-0da27beade4b - 626 - gold__embeddings__gold_embeddings - STEP_INPUT - Got input "gold_yhct_chunks" of type "DataFrame". (Type check passed).
2026-05-19 06:09:56 +0000 - dagster - INFO - __ASSET_JOB - e94c1479-343e-4acf-86c3-0da27beade4b - gold__embeddings__gold_embeddings - 📥 Nhận 1348 chunks để embed
2026-05-19 06:09:56 +0000 - dagster - INFO - __ASSET_JOB - e94c1479-343e-4acf-86c3-0da27beade4b - gold__embeddings__gold_embeddings - 🤖 Loading model: keepitreal/vietnamese-sbert ...
2026-05-19 06:10:01 +0000 - dagster - INFO - __ASSET_JOB - e94c1479-343e-4acf-86c3-0da27beade4b - gold__embeddings__gold_embeddings - ✅ Model loaded!
Failed to send telemetry event ClientStartEvent: capture() takes 1 positional argument but 3 were given
2026-05-19 06:10:02 +0000 - dagster - INFO - __ASSET_JOB - e94c1479-343e-4acf-86c3-0da27beade4b - gold__embeddings__gold_embeddings - ✅ Kết nối ChromaDB OK | collection='yhct_chunks'
2026-05-19 06:10:02 +0000 - dagster - INFO - __ASSET_JOB - e94c1479-343e-4acf-86c3-0da27beade4b - gold__embeddings__gold_embeddings - 📊 Đã có 2792 chunks trong ChromaDB
2026-05-19 06:10:02 +0000 - dagster - INFO - __ASSET_JOB - e94c1479-343e-4acf-86c3-0da27beade4b - gold__embeddings__gold_embeddings - 🔄 Cần embed thêm: 1348 chunks
2026-05-19 06:10:18 +0000 - dagster - INFO - __ASSET_JOB - e94c1479-343e-4acf-86c3-0da27beade4b - gold__embeddings__gold_embeddings -    ✓ 32/1348 chunks embedded
2026-05-19 06:10:35 +0000 - dagster - INFO - __ASSET_JOB - e94c1479-343e-4acf-86c3-0da27beade4b - gold__embeddings__gold_embeddings -    ✓ 64/1348 chunks embedded
2026-05-19 06:10:52 +0000 - dagster - INFO - __ASSET_JOB - e94c1479-343e-4acf-86c3-0da27beade4b - gold__embeddings__gold_embeddings -    ✓ 96/1348 chunks embedded
2026-05-19 06:11:08 +0000 - dagster - INFO - __ASSET_JOB - e94c1479-343e-4acf-86c3-0da27beade4b - gold__embeddings__gold_embeddings -    ✓ 128/1348 chunks embedded
2026-05-19 06:11:24 +0000 - dagster - INFO - __ASSET_JOB - e94c1479-343e-4acf-86c3-0da27beade4b - gold__embeddings__gold_embeddings -    ✓ 160/1348 chunks embedded
2026-05-19 06:11:41 +0000 - dagster - INFO - __ASSET_JOB - e94c1479-343e-4acf-86c3-0da27beade4b - gold__embeddings__gold_embeddings -    ✓ 192/1348 chunks embedded
2026-05-19 06:11:58 +0000 - dagster - INFO - __ASSET_JOB - e94c1479-343e-4acf-86c3-0da27beade4b - gold__embeddings__gold_embeddings -    ✓ 224/1348 chunks embedded
2026-05-19 06:12:15 +0000 - dagster - INFO - __ASSET_JOB - e94c1479-343e-4acf-86c3-0da27beade4b - gold__embeddings__gold_embeddings -    ✓ 256/1348 chunks embedded
2026-05-19 06:12:32 +0000 - dagster - INFO - __ASSET_JOB - e94c1479-343e-4acf-86c3-0da27beade4b - gold__embeddings__gold_embeddings -    ✓ 288/1348 chunks embedded
2026-05-19 06:12:49 +0000 - dagster - INFO - __ASSET_JOB - e94c1479-343e-4acf-86c3-0da27beade4b - gold__embeddings__gold_embeddings -    ✓ 320/1348 chunks embedded
2026-05-19 06:13:06 +0000 - dagster - INFO - __ASSET_JOB - e94c1479-343e-4acf-86c3-0da27beade4b - gold__embeddings__gold_embeddings -    ✓ 352/1348 chunks embedded
2026-05-19 06:13:23 +0000 - dagster - INFO - __ASSET_JOB - e94c1479-343e-4acf-86c3-0da27beade4b - gold__embeddings__gold_embeddings -    ✓ 384/1348 chunks embedded
2026-05-19 06:13:41 +0000 - dagster - INFO - __ASSET_JOB - e94c1479-343e-4acf-86c3-0da27beade4b - gold__embeddings__gold_embeddings -    ✓ 416/1348 chunks embedded
2026-05-19 06:13:57 +0000 - dagster - INFO - __ASSET_JOB - e94c1479-343e-4acf-86c3-0da27beade4b - gold__embeddings__gold_embeddings -    ✓ 448/1348 chunks embedded
2026-05-19 06:14:15 +0000 - dagster - INFO - __ASSET_JOB - e94c1479-343e-4acf-86c3-0da27beade4b - gold__embeddings__gold_embeddings -    ✓ 480/1348 chunks embedded
2026-05-19 06:14:32 +0000 - dagster - INFO - __ASSET_JOB - e94c1479-343e-4acf-86c3-0da27beade4b - gold__embeddings__gold_embeddings -    ✓ 512/1348 chunks embedded
2026-05-19 06:14:50 +0000 - dagster - INFO - __ASSET_JOB - e94c1479-343e-4acf-86c3-0da27beade4b - gold__embeddings__gold_embeddings -    ✓ 544/1348 chunks embedded
2026-05-19 06:15:06 +0000 - dagster - INFO - __ASSET_JOB - e94c1479-343e-4acf-86c3-0da27beade4b - gold__embeddings__gold_embeddings -    ✓ 576/1348 chunks embedded
2026-05-19 06:15:22 +0000 - dagster - INFO - __ASSET_JOB - e94c1479-343e-4acf-86c3-0da27beade4b - gold__embeddings__gold_embeddings -    ✓ 608/1348 chunks embedded
2026-05-19 06:15:39 +0000 - dagster - INFO - __ASSET_JOB - e94c1479-343e-4acf-86c3-0da27beade4b - gold__embeddings__gold_embeddings -    ✓ 640/1348 chunks embedded
2026-05-19 06:15:55 +0000 - dagster - INFO - __ASSET_JOB - e94c1479-343e-4acf-86c3-0da27beade4b - gold__embeddings__gold_embeddings -    ✓ 672/1348 chunks embedded
2026-05-19 06:16:12 +0000 - dagster - INFO - __ASSET_JOB - e94c1479-343e-4acf-86c3-0da27beade4b - gold__embeddings__gold_embeddings -    ✓ 704/1348 chunks embedded
2026-05-19 06:16:27 +0000 - dagster - INFO - __ASSET_JOB - e94c1479-343e-4acf-86c3-0da27beade4b - gold__embeddings__gold_embeddings -    ✓ 736/1348 chunks embedded
2026-05-19 06:16:43 +0000 - dagster - INFO - __ASSET_JOB - e94c1479-343e-4acf-86c3-0da27beade4b - gold__embeddings__gold_embeddings -    ✓ 768/1348 chunks embedded
2026-05-19 06:16:59 +0000 - dagster - INFO - __ASSET_JOB - e94c1479-343e-4acf-86c3-0da27beade4b - gold__embeddings__gold_embeddings -    ✓ 800/1348 chunks embedded
2026-05-19 06:17:15 +0000 - dagster - INFO - __ASSET_JOB - e94c1479-343e-4acf-86c3-0da27beade4b - gold__embeddings__gold_embeddings -    ✓ 832/1348 chunks embedded
2026-05-19 06:17:31 +0000 - dagster - INFO - __ASSET_JOB - e94c1479-343e-4acf-86c3-0da27beade4b - gold__embeddings__gold_embeddings -    ✓ 864/1348 chunks embedded
2026-05-19 06:17:47 +0000 - dagster - INFO - __ASSET_JOB - e94c1479-343e-4acf-86c3-0da27beade4b - gold__embeddings__gold_embeddings -    ✓ 896/1348 chunks embedded
2026-05-19 06:18:03 +0000 - dagster - INFO - __ASSET_JOB - e94c1479-343e-4acf-86c3-0da27beade4b - gold__embeddings__gold_embeddings -    ✓ 928/1348 chunks embedded
2026-05-19 06:18:19 +0000 - dagster - INFO - __ASSET_JOB - e94c1479-343e-4acf-86c3-0da27beade4b - gold__embeddings__gold_embeddings -    ✓ 960/1348 chunks embedded
2026-05-19 06:18:35 +0000 - dagster - INFO - __ASSET_JOB - e94c1479-343e-4acf-86c3-0da27beade4b - gold__embeddings__gold_embeddings -    ✓ 992/1348 chunks embedded
2026-05-19 06:18:51 +0000 - dagster - INFO - __ASSET_JOB - e94c1479-343e-4acf-86c3-0da27beade4b - gold__embeddings__gold_embeddings -    ✓ 1024/1348 chunks embedded
2026-05-19 06:19:08 +0000 - dagster - INFO - __ASSET_JOB - e94c1479-343e-4acf-86c3-0da27beade4b - gold__embeddings__gold_embeddings -    ✓ 1056/1348 chunks embedded
2026-05-19 06:19:24 +0000 - dagster - INFO - __ASSET_JOB - e94c1479-343e-4acf-86c3-0da27beade4b - gold__embeddings__gold_embeddings -    ✓ 1088/1348 chunks embedded
2026-05-19 06:19:39 +0000 - dagster - INFO - __ASSET_JOB - e94c1479-343e-4acf-86c3-0da27beade4b - gold__embeddings__gold_embeddings -    ✓ 1120/1348 chunks embedded
2026-05-19 06:19:56 +0000 - dagster - INFO - __ASSET_JOB - e94c1479-343e-4acf-86c3-0da27beade4b - gold__embeddings__gold_embeddings -    ✓ 1152/1348 chunks embedded
2026-05-19 06:20:13 +0000 - dagster - INFO - __ASSET_JOB - e94c1479-343e-4acf-86c3-0da27beade4b - gold__embeddings__gold_embeddings -    ✓ 1184/1348 chunks embedded
2026-05-19 06:20:29 +0000 - dagster - INFO - __ASSET_JOB - e94c1479-343e-4acf-86c3-0da27beade4b - gold__embeddings__gold_embeddings -    ✓ 1216/1348 chunks embedded
2026-05-19 06:20:42 +0000 - dagster - INFO - __ASSET_JOB - e94c1479-343e-4acf-86c3-0da27beade4b - gold__embeddings__gold_embeddings -    ✓ 1248/1348 chunks embedded
2026-05-19 06:20:53 +0000 - dagster - INFO - __ASSET_JOB - e94c1479-343e-4acf-86c3-0da27beade4b - gold__embeddings__gold_embeddings -    ✓ 1280/1348 chunks embedded
2026-05-19 06:21:03 +0000 - dagster - INFO - __ASSET_JOB - e94c1479-343e-4acf-86c3-0da27beade4b - gold__embeddings__gold_embeddings -    ✓ 1312/1348 chunks embedded
2026-05-19 06:21:13 +0000 - dagster - INFO - __ASSET_JOB - e94c1479-343e-4acf-86c3-0da27beade4b - gold__embeddings__gold_embeddings -    ✓ 1344/1348 chunks embedded
2026-05-19 06:21:15 +0000 - dagster - INFO - __ASSET_JOB - e94c1479-343e-4acf-86c3-0da27beade4b - gold__embeddings__gold_embeddings -    ✓ 1348/1348 chunks embedded
2026-05-19 06:21:15 +0000 - dagster - INFO - __ASSET_JOB - e94c1479-343e-4acf-86c3-0da27beade4b - gold__embeddings__gold_embeddings - ✅ Hoàn thành! Tổng ChromaDB: 5392 vectors
2026-05-19 06:21:15 +0000 - dagster - DEBUG - __ASSET_JOB - e94c1479-343e-4acf-86c3-0da27beade4b - 626 - gold__embeddings__gold_embeddings - STEP_OUTPUT - Yielded output "result" of type "Any". (Type check passed).
2026-05-19 06:21:15 +0000 - dagster - DEBUG - __ASSET_JOB - e94c1479-343e-4acf-86c3-0da27beade4b - gold__embeddings__gold_embeddings - Writing file at: /opt/dagster/dagster_home/local_artifact_storage/storage/gold/embeddings/gold_embeddings using PickledObjectFilesystemIOManager...
2026-05-19 06:21:15 +0000 - dagster - DEBUG - __ASSET_JOB - e94c1479-343e-4acf-86c3-0da27beade4b - 626 - gold__embeddings__gold_embeddings - ASSET_MATERIALIZATION - Materialized value gold embeddings gold_embeddings.
2026-05-19 06:21:15 +0000 - dagster - DEBUG - __ASSET_JOB - e94c1479-343e-4acf-86c3-0da27beade4b - 626 - gold__embeddings__gold_embeddings - HANDLED_OUTPUT - Handled output "result" using IO manager "io_manager"
2026-05-19 06:21:15 +0000 - dagster - DEBUG - __ASSET_JOB - e94c1479-343e-4acf-86c3-0da27beade4b - 626 - gold__embeddings__gold_embeddings - STEP_SUCCESS - Finished execution of step "gold__embeddings__gold_embeddings" in 11m19s.
