2026-04-28 06:38:00 +0000 - dagster - DEBUG - __ASSET_JOB - f4d8a946-42b3-43c1-ba60-55f9cda3fca3 - 253 - LOGS_CAPTURED - Started capturing logs in process (pid: 253).
2026-04-28 06:38:00 +0000 - dagster - DEBUG - __ASSET_JOB - f4d8a946-42b3-43c1-ba60-55f9cda3fca3 - 253 - gold__embeddings__gold_embeddings - STEP_START - Started execution of step "gold__embeddings__gold_embeddings".
2026-04-28 06:38:00 +0000 - dagster - INFO - __ASSET_JOB - f4d8a946-42b3-43c1-ba60-55f9cda3fca3 - gold__embeddings__gold_embeddings - [MinIO] ✅ Đã đọc: s3://yhct-gold/gold/chunks/gold_yhct_chunks.parquet (411 rows)
2026-04-28 06:38:00 +0000 - dagster - DEBUG - __ASSET_JOB - f4d8a946-42b3-43c1-ba60-55f9cda3fca3 - 253 - gold__embeddings__gold_embeddings - LOADED_INPUT - Loaded input "gold_yhct_chunks" using input manager "minio_io_manager", from output "result" of step "gold__chunks__gold_yhct_chunks"
2026-04-28 06:38:00 +0000 - dagster - DEBUG - __ASSET_JOB - f4d8a946-42b3-43c1-ba60-55f9cda3fca3 - 253 - gold__embeddings__gold_embeddings - STEP_INPUT - Got input "gold_yhct_chunks" of type "DataFrame". (Type check passed).
2026-04-28 06:38:00 +0000 - dagster - INFO - __ASSET_JOB - f4d8a946-42b3-43c1-ba60-55f9cda3fca3 - gold__embeddings__gold_embeddings - 📥 Nhận 411 chunks để embed
2026-04-28 06:38:00 +0000 - dagster - INFO - __ASSET_JOB - f4d8a946-42b3-43c1-ba60-55f9cda3fca3 - gold__embeddings__gold_embeddings - 🤖 Loading model: keepitreal/vietnamese-sbert ...
2026-04-28 06:38:39 +0000 - dagster - INFO - __ASSET_JOB - f4d8a946-42b3-43c1-ba60-55f9cda3fca3 - gold__embeddings__gold_embeddings - ✅ Model loaded!
2026-04-28 06:38:39 +0000 - dagster - ERROR - __ASSET_JOB - f4d8a946-42b3-43c1-ba60-55f9cda3fca3 - 253 - gold__embeddings__gold_embeddings - STEP_FAILURE - Execution of step "gold__embeddings__gold_embeddings" failed.

dagster._core.errors.DagsterExecutionStepExecutionError: Error occurred while executing op "gold__embeddings__gold_embeddings"::

ValueError: Could not connect to tenant default_tenant. Are you sure it exists?

Stack Trace:
  File "/usr/local/lib/python3.11/site-packages/dagster/_core/execution/plan/utils.py", line 57, in op_execution_error_boundary
    yield
  File "/usr/local/lib/python3.11/site-packages/dagster/_utils/__init__.py", line 394, in iterate_with_context
    next_output = next(iterator)
                  ^^^^^^^^^^^^^^
  File "/usr/local/lib/python3.11/site-packages/dagster/_core/execution/plan/compute_generator.py", line 135, in _coerce_op_compute_fn_to_iterator
    result = invoke_compute_fn(
             ^^^^^^^^^^^^^^^^^^
  File "/usr/local/lib/python3.11/site-packages/dagster/_core/execution/plan/compute_generator.py", line 115, in invoke_compute_fn
    return fn(context, **args_to_pass) if context_arg_provided else fn(**args_to_pass)
           ^^^^^^^^^^^^^^^^^^^^^^^^^^^
  File "/opt/dagster/app/etl_pipeline/assets/gold_embeddings.py", line 41, in gold_embeddings
    client = chromadb.HttpClient(host=CHROMA_HOST, port=CHROMA_PORT)
             ^^^^^^^^^^^^^^^^^^^^^^^^^^^^^^^^^^^^^^^^^^^^^^^^^^^^^^^
  File "/usr/local/lib/python3.11/site-packages/chromadb/__init__.py", line 197, in HttpClient
    return ClientCreator(tenant=tenant, database=database, settings=settings)
           ^^^^^^^^^^^^^^^^^^^^^^^^^^^^^^^^^^^^^^^^^^^^^^^^^^^^^^^^^^^^^^^^^^
  File "/usr/local/lib/python3.11/site-packages/chromadb/api/client.py", line 144, in __init__
    self._validate_tenant_database(tenant=tenant, database=database)
  File "/usr/local/lib/python3.11/site-packages/chromadb/api/client.py", line 447, in _validate_tenant_database
    raise ValueError(

The above exception occurred during handling of the following exception:
Exception: {"error":"Unimplemented","message":"The v1 API is deprecated. Please use /v2 apis"}

Stack Trace:
  File "/usr/local/lib/python3.11/site-packages/chromadb/api/client.py", line 438, in _validate_tenant_database
    self._admin_client.get_tenant(name=tenant)
  File "/usr/local/lib/python3.11/site-packages/chromadb/api/client.py", line 486, in get_tenant
    return self._server.get_tenant(name=name)
           ^^^^^^^^^^^^^^^^^^^^^^^^^^^^^^^^^^
  File "/usr/local/lib/python3.11/site-packages/chromadb/telemetry/opentelemetry/__init__.py", line 143, in wrapper
    return f(*args, **kwargs)
           ^^^^^^^^^^^^^^^^^^
  File "/usr/local/lib/python3.11/site-packages/chromadb/api/fastapi.py", line 185, in get_tenant
    raise_chroma_error(resp)
  File "/usr/local/lib/python3.11/site-packages/chromadb/api/fastapi.py", line 639, in raise_chroma_error
    raise (Exception(resp.text))

The above exception occurred during handling of the following exception:
requests.exceptions.HTTPError: 410 Client Error: Gone for url: http://chromadb:8000/api/v1/tenants/default_tenant

Stack Trace:
  File "/usr/local/lib/python3.11/site-packages/chromadb/api/fastapi.py", line 637, in raise_chroma_error
    resp.raise_for_status()
  File "/usr/local/lib/python3.11/site-packages/requests/models.py", line 1028, in raise_for_status
    raise HTTPError(http_error_msg, response=self)

